<?xml version="1.0" encoding="UTF-8"?>
<!-- Generated by org.testng.reporters.JUnitReportReporter -->
<testsuite hostname="LAPTOP-5T9CK8KA" failures="0" tests="4" name="tests.ProductTest" time="19.253" errors="0" timestamp="2025-09-09T15:53:33 IST" skipped="0">
  <testcase classname="tests.ProductTest" name="testNavigateToCartPage" time="4.743"/>
  <testcase classname="tests.ProductTest" name="testAddProductToCart" time="5.040"/>
  <testcase classname="tests.ProductTest" name="testProductListingPage" time="4.671"/>
  <testcase classname="tests.ProductTest" name="testClickProductDetailsPage" time="4.799"/>
</testsuite> <!-- tests.ProductTest -->
