<?xml version="1.0" encoding="UTF-8"?>
<!-- Generated by org.testng.reporters.JUnitReportReporter -->
<testsuite hostname="LAPTOP-5T9CK8KA" failures="0" tests="3" name="tests.CheckoutTest" time="21.786" errors="0" timestamp="2025-09-09T15:20:43 IST" skipped="0">
  <testcase classname="tests.CheckoutTest" name="testCompleteCheckoutValidData" time="7.170"/>
  <testcase classname="tests.CheckoutTest" name="testOrderSummaryValidation" time="7.570"/>
  <testcase classname="tests.CheckoutTest" name="testOrderConfirmationPage" time="7.046"/>
</testsuite> <!-- tests.CheckoutTest -->
