<?xml version="1.0" encoding="UTF-8"?>
<!-- Generated by org.testng.reporters.JUnitReportReporter -->
<testsuite hostname="LAPTOP-5T9CK8KA" failures="0" tests="3" name="tests.UITest" time="10.923" errors="0" timestamp="2025-09-09T15:53:33 IST" skipped="0">
  <testcase classname="tests.UITest" name="testLogoutFromBurgerMenu" time="0.888"/>
  <testcase classname="tests.UITest" name="testNavigateToAbout" time="6.460"/>
  <testcase classname="tests.UITest" name="testFooterLinksAndIcons" time="3.575"/>
</testsuite> <!-- tests.UITest -->
