<?xml version="1.0" encoding="UTF-8"?>
<!-- Generated by org.testng.reporters.JUnitReportReporter -->
<testsuite hostname="LAPTOP-5T9CK8KA" failures="0" tests="1" name="tests.LogoutTest" time="4.851" errors="0" timestamp="2025-09-09T15:53:33 IST" skipped="0">
  <testcase classname="tests.LogoutTest" name="testLogoutFunctionality" time="4.851"/>
</testsuite> <!-- tests.LogoutTest -->
