<?xml version="1.0" encoding="UTF-8"?>
<!-- Generated by org.testng.reporters.JUnitReportReporter -->
<testsuite hostname="LAPTOP-5T9CK8KA" failures="0" tests="4" name="tests.LoginTest" time="19.001" errors="0" timestamp="2025-09-09T15:53:33 IST" skipped="0">
  <testcase classname="tests.LoginTest" name="testValidLoginStandardUser" time="2.938"/>
  <testcase classname="tests.LoginTest" name="testLockedOutUser" time="4.811"/>
  <testcase classname="tests.LoginTest" name="testInvalidCredentials" time="4.907"/>
  <testcase classname="tests.LoginTest" name="testLogoutFunctionality" time="6.345"/>
</testsuite> <!-- tests.LoginTest -->
