<?xml version="1.0" encoding="UTF-8"?>
<!-- Generated by org.testng.reporters.JUnitReportReporter -->
<testsuite hostname="LAPTOP-5T9CK8KA" failures="0" tests="3" name="tests.CheckoutTest" time="21.279" errors="0" timestamp="2025-09-09T15:53:33 IST" skipped="0">
  <testcase classname="tests.CheckoutTest" name="testCompleteCheckoutValidData" time="6.872"/>
  <testcase classname="tests.CheckoutTest" name="testOrderSummaryValidation" time="7.372"/>
  <testcase classname="tests.CheckoutTest" name="testOrderConfirmationPage" time="7.035"/>
</testsuite> <!-- tests.CheckoutTest -->
