<?xml version="1.0" encoding="UTF-8"?>
<!-- Generated by org.testng.reporters.JUnitReportReporter -->
<testsuite hostname="LAPTOP-5T9CK8KA" failures="0" tests="3" name="tests.CartTest" time="27.045" errors="0" timestamp="2025-09-09T15:53:33 IST" skipped="0">
  <testcase classname="tests.CartTest" name="testCartPageDisplayed" time="9.024"/>
  <testcase classname="tests.CartTest" name="testContinueShoppingFromCart" time="8.789"/>
  <testcase classname="tests.CartTest" name="testProceedToCheckout" time="9.232"/>
</testsuite> <!-- tests.CartTest -->
