<?xml version="1.0" encoding="UTF-8"?>
<!-- Generated by org.testng.reporters.JUnitReportReporter -->
<testsuite hostname="LAPTOP-5T9CK8KA" failures="0" tests="8" name="runners.TestRunner" time="24.239" errors="0" timestamp="2025-09-09T10:35:16 IST" skipped="0">
  <testcase classname="runners.TestRunner" name="runScenario" time="1.833"/>
  <testcase classname="runners.TestRunner" name="runScenario" time="1.486"/>
  <testcase classname="runners.TestRunner" name="runScenario" time="0.551"/>
  <testcase classname="runners.TestRunner" name="runScenario" time="2.435"/>
  <testcase classname="runners.TestRunner" name="runScenario" time="9.505"/>
  <testcase classname="runners.TestRunner" name="runScenario" time="4.332"/>
  <testcase classname="runners.TestRunner" name="runScenario" time="1.089"/>
  <testcase classname="runners.TestRunner" name="runScenario" time="3.008"/>
</testsuite> <!-- runners.TestRunner -->
