<?xml version="1.0" encoding="UTF-8"?>
<!-- Generated by org.testng.reporters.JUnitReportReporter -->
<testsuite hostname="LAPTOP-5T9CK8KA" failures="0" tests="3" name="tests.UITest" time="12.615" errors="0" timestamp="2025-09-09T15:20:43 IST" skipped="0">
  <testcase classname="tests.UITest" name="testLogoutFromBurgerMenu" time="2.268"/>
  <testcase classname="tests.UITest" name="testNavigateToAbout" time="6.800"/>
  <testcase classname="tests.UITest" name="testFooterLinksAndIcons" time="3.547"/>
</testsuite> <!-- tests.UITest -->
