<?xml version="1.0" encoding="UTF-8"?>
<!-- Generated by org.testng.reporters.JUnitReportReporter -->
<testsuite hostname="LAPTOP-5T9CK8KA" failures="0" tests="3" name="tests.CartTest" time="26.349" errors="0" timestamp="2025-09-09T15:20:43 IST" skipped="0">
  <testcase classname="tests.CartTest" name="testCartPageDisplayed" time="8.630"/>
  <testcase classname="tests.CartTest" name="testContinueShoppingFromCart" time="8.848"/>
  <testcase classname="tests.CartTest" name="testProceedToCheckout" time="8.871"/>
</testsuite> <!-- tests.CartTest -->
