<?xml version="1.0" encoding="UTF-8"?>
<!-- Generated by org.testng.reporters.JUnitReportReporter -->
<testsuite hostname="LAPTOP-5T9CK8KA" failures="0" tests="4" name="tests.ProductTest" time="19.346" errors="0" timestamp="2025-09-09T15:20:43 IST" skipped="0">
  <testcase classname="tests.ProductTest" name="testClickProductDetailsPage" time="4.847"/>
  <testcase classname="tests.ProductTest" name="testAddProductToCart" time="4.997"/>
  <testcase classname="tests.ProductTest" name="testNavigateToCartPage" time="4.580"/>
  <testcase classname="tests.ProductTest" name="testProductListingPage" time="4.922"/>
</testsuite> <!-- tests.ProductTest -->
